2025-11-22 11:20:00 | INFO | repo=lede | action=edit | files=4
2025-08-02 08:56:00 | DEBUG | repo=lede | action=test | passed=true
2025-04-26 16:18:00 | WARN | repo=lede | action=test | passed=true
2025-01-02 11:34:00 | DEBUG | repo=lede | action=edit | files=1
2025-06-01 16:37:00 | DEBUG | repo=lede | action=pull
2025-10-08 07:57:00 | INFO | repo=lede | action=pull
2025-10-26 17:20:00 | INFO | repo=lede | action=commit
2025-02-19 08:22:00 | INFO | repo=lede | action=pull
2025-11-12 20:19:00 | DEBUG | repo=lede | action=edit | files=3
2025-09-24 09:11:00 | INFO | repo=lede | action=test | passed=true
2025-10-07 13:26:00 | DEBUG | repo=lede | action=edit | files=5
2025-10-18 11:43:00 | WARN | repo=lede | action=test | passed=true
2025-03-09 07:01:00 | INFO | repo=lede | action=pull
2025-09-01 21:38:00 | WARN | repo=lede | action=commit
2025-03-22 21:19:00 | DEBUG | repo=lede | action=commit
2025-06-26 16:06:00 | INFO | repo=lede | action=commit
2025-06-04 19:40:00 | INFO | repo=lede | action=edit | files=2
2025-05-02 21:36:00 | WARN | repo=lede | action=edit | files=3
2025-02-05 17:47:00 | INFO | repo=lede | action=commit
2025-06-13 10:00:00 | WARN | repo=lede | action=commit
2025-01-24 11:06:00 | INFO | repo=lede | action=commit
2025-06-16 16:06:00 | INFO | repo=lede | action=commit
2025-02-25 12:21:00 | DEBUG | repo=lede | action=commit
2025-02-06 13:46:00 | WARN | repo=lede | action=commit
2025-08-03 12:50:00 | DEBUG | repo=lede | action=pull
2025-10-23 08:36:00 | DEBUG | repo=lede | action=edit | files=3
2025-07-20 18:22:00 | WARN | repo=lede | action=commit
2025-05-20 07:59:00 | INFO | repo=lede | action=commit
2025-10-23 08:38:00 | DEBUG | repo=lede | action=commit
